#
# There is insufficient memory for the Java Runtime Environment to continue.
# Native memory allocation (malloc) failed to allocate 1048576 bytes for AllocateHeap
# Possible reasons:
#   The system is out of physical RAM or swap space
#   In 32 bit mode, the process size limit was hit
# Possible solutions:
#   Reduce memory load on the system
#   Increase physical memory or swap space
#   Check if swap backing store is full
#   Use 64 bit Java on a 64 bit OS
#   Decrease Java heap size (-Xmx/-Xms)
#   Decrease number of Java threads
#   Decrease Java thread stack sizes (-Xss)
#   Set larger code cache with -XX:ReservedCodeCacheSize=
# This output file may be truncated or incomplete.
#
#  Out of Memory Error (memory/allocation.inline.hpp:61), pid=17528, tid=0x0000000000003224
#
# JRE version:  (8.0) (build )
# Java VM: OpenJDK 64-Bit Server VM (25.71-b00 mixed mode windows-amd64 compressed oops)
# Failed to write core dump. Minidumps are not enabled by default on client versions of Windows
#

---------------  T H R E A D  ---------------

Current thread (0x00000000024f8000):  JavaThread "Unknown thread" [_thread_in_vm, id=12836, stack(0x0000000002650000,0x0000000002750000)]

Stack: [0x0000000002650000,0x0000000002750000]
[error occurred during error reporting (printing stack bounds), id 0xc0000005]

Native frames: (J=compiled Java code, j=interpreted, Vv=VM code, C=native code)


---------------  P R O C E S S  ---------------

Java Threads: ( => current thread )

Other Threads:

=>0x00000000024f8000 (exited) JavaThread "Unknown thread" [_thread_in_vm, id=12836, stack(0x0000000002650000,0x0000000002750000)]

VM state:not at safepoint (normal execution)

VM Mutex/Monitor currently owned by a thread: None

Heap:
 PSYoungGen      total 38400K, used 665K [0x00000000d5f00000, 0x00000000d8980000, 0x0000000100000000)
  eden space 33280K, 2% used [0x00000000d5f00000,0x00000000d5fa6670,0x00000000d7f80000)
  from space 5120K, 0% used [0x00000000d8480000,0x00000000d8480000,0x00000000d8980000)
  to   space 5120K, 0% used [0x00000000d7f80000,0x00000000d7f80000,0x00000000d8480000)
 ParOldGen       total 87552K, used 0K [0x0000000081c00000, 0x0000000087180000, 0x00000000d5f00000)
  object space 87552K, 0% used [0x0000000081c00000,0x0000000081c00000,0x0000000087180000)
 Metaspace       used 777K, capacity 4480K, committed 4480K, reserved 1056768K
  class space    used 74K, capacity 384K, committed 384K, reserved 1048576K

Card table byte_map: [0x0000000011b10000,0x0000000011f10000] byte_map_base: 0x0000000011702000

Marking Bits: (ParMarkBitMap*) 0x000000005783be50
 Begin Bits: [0x0000000012d20000, 0x0000000014cb0000)
 End Bits:   [0x0000000014cb0000, 0x0000000016c40000)

Polling page: 0x0000000000140000

CodeCache: size=245760Kb used=328Kb max_used=328Kb free=245431Kb
 bounds [0x0000000002750000, 0x00000000029c0000, 0x0000000011750000]
 total_blobs=57 nmethods=0 adapters=38
 compilation: enabled

Compilation events (0 events):
No events

GC Heap History (0 events):
No events

Deoptimization events (0 events):
No events

Classes redefined (0 events):
No events

Internal exceptions (0 events):
No events

Events (10 events):
Event: 0.105 loading class java/lang/Short
Event: 0.105 loading class java/lang/Short done
Event: 0.105 loading class java/lang/Integer
Event: 0.106 loading class java/lang/Integer done
Event: 0.106 loading class java/lang/Long
Event: 0.106 loading class java/lang/Long done
Event: 0.107 loading class java/lang/NullPointerException
Event: 0.107 loading class java/lang/NullPointerException done
Event: 0.107 loading class java/lang/ArithmeticException
Event: 0.107 loading class java/lang/ArithmeticException done


Dynamic libraries:
0x000000013f1d0000 - 0x000000013f205000 	C:\Program Files\Unity\Hub\Editor\2020.2.1f1\Editor\Data\PlaybackEngines\AndroidPlayer\OpenJDK\bin\java.exe
0x0000000077ab0000 - 0x0000000077c4f000 	C:\Windows\SYSTEM32\ntdll.dll
0x000007feee510000 - 0x000007feee523000 	C:\Program Files\AVG\Antivirus\aswhook.dll
0x0000000077890000 - 0x00000000779af000 	C:\Windows\system32\kernel32.dll
0x000007fefd830000 - 0x000007fefd897000 	C:\Windows\system32\KERNELBASE.dll
0x000007fefdad0000 - 0x000007fefdbab000 	C:\Windows\system32\ADVAPI32.dll
0x000007fefd9c0000 - 0x000007fefda5f000 	C:\Windows\system32\msvcrt.dll
0x000007fefef50000 - 0x000007fefef6f000 	C:\Windows\SYSTEM32\sechost.dll
0x000007feff250000 - 0x000007feff37c000 	C:\Windows\system32\RPCRT4.dll
0x00000000779b0000 - 0x0000000077aaa000 	C:\Windows\system32\USER32.dll
0x000007fefeee0000 - 0x000007fefef47000 	C:\Windows\system32\GDI32.dll
0x000007feff750000 - 0x000007feff75e000 	C:\Windows\system32\LPK.dll
0x000007fefef70000 - 0x000007feff03b000 	C:\Windows\system32\USP10.dll
0x000007fefb720000 - 0x000007fefb915000 	C:\Windows\WinSxS\amd64_microsoft.windows.common-controls_6595b64144ccf1df_6.0.7601.24483_none_e372d88f30fbb845\COMCTL32.dll
0x000007feff5f0000 - 0x000007feff661000 	C:\Windows\system32\SHLWAPI.dll
0x000007feff380000 - 0x000007feff3ae000 	C:\Windows\system32\IMM32.DLL
0x000007feff7e0000 - 0x000007feff8eb000 	C:\Windows\system32\MSCTF.dll
0x000007fefd540000 - 0x000007fefd570000 	C:\Windows\system32\nvinitx.dll
0x000007fefd530000 - 0x000007fefd53c000 	C:\Windows\system32\VERSION.dll
0x0000000070480000 - 0x0000000070487000 	C:\Program Files\NVIDIA Corporation\CoProcManager\detoured.dll
0x000007fef6670000 - 0x000007fef66a9000 	C:\Program Files\NVIDIA Corporation\CoProcManager\nvd3d9wrapx.dll
0x000007feff3b0000 - 0x000007feff587000 	C:\Windows\system32\SETUPAPI.dll
0x000007fefd8c0000 - 0x000007fefd8f6000 	C:\Windows\system32\CFGMGR32.dll
0x000007feff670000 - 0x000007feff74b000 	C:\Windows\system32\OLEAUT32.dll
0x000007feff040000 - 0x000007feff23f000 	C:\Windows\system32\ole32.dll
0x000007fefd7d0000 - 0x000007fefd7ea000 	C:\Windows\system32\DEVOBJ.dll
0x000007fef65e0000 - 0x000007fef6605000 	C:\Program Files\NVIDIA Corporation\CoProcManager\nvdxgiwrapx.dll
0x000000005ff60000 - 0x0000000060032000 	C:\Program Files\Unity\Hub\Editor\2020.2.1f1\Editor\Data\PlaybackEngines\AndroidPlayer\OpenJDK\jre\bin\msvcr100.dll
0x0000000057070000 - 0x00000000578b9000 	C:\Program Files\Unity\Hub\Editor\2020.2.1f1\Editor\Data\PlaybackEngines\AndroidPlayer\OpenJDK\jre\bin\server\jvm.dll
0x000007fef9620000 - 0x000007fef9629000 	C:\Windows\system32\WSOCK32.dll
0x000007fefda60000 - 0x000007fefdaad000 	C:\Windows\system32\WS2_32.dll
0x000007feff240000 - 0x000007feff248000 	C:\Windows\system32\NSI.dll
0x000007fefa940000 - 0x000007fefa97b000 	C:\Windows\system32\WINMM.dll
0x0000000077c60000 - 0x0000000077c67000 	C:\Windows\system32\PSAPI.DLL
0x000007fefa120000 - 0x000007fefa12f000 	C:\Program Files\Unity\Hub\Editor\2020.2.1f1\Editor\Data\PlaybackEngines\AndroidPlayer\OpenJDK\jre\bin\verify.dll
0x000007fedfa60000 - 0x000007fedfa89000 	C:\Program Files\Unity\Hub\Editor\2020.2.1f1\Editor\Data\PlaybackEngines\AndroidPlayer\OpenJDK\jre\bin\java.dll
0x000007fedfa40000 - 0x000007fedfa56000 	C:\Program Files\Unity\Hub\Editor\2020.2.1f1\Editor\Data\PlaybackEngines\AndroidPlayer\OpenJDK\jre\bin\zip.dll

VM Arguments:
jvm_args: -Dfile.encoding=UTF-8 
java_command: <unknown>
java_class_path (initial): .
Launcher Type: SUN_STANDARD

Environment Variables:
JAVA_HOME=C:\Program Files\Unity\Hub\Editor\2020.2.1f1\Editor\Data\PlaybackEngines\AndroidPlayer\OpenJDK
JAVA_TOOL_OPTIONS=-Dfile.encoding=UTF-8
PATH=C:\Program Files (x86)\Common Files\Oracle\Java\javapath;C:\Windows\system32;C:\Windows;C:\Windows\System32\Wbem;C:\Windows\System32\WindowsPowerShell\v1.0\;C:\Program Files (x86)\NVIDIA Corporation\PhysX\Common;C:\Program Files\NVIDIA Corporation\NVIDIA NvDLISR;C:\Program Files\TortoiseGit\bin;C:\Program Files\Git\cmd;C:\Program Files\OpenSSL\bin;C:\Program Files\Unity\Hub\Editor\2019.3.0f5\Editor\Data\PlaybackEngines\AndroidPlayer\OpenJDK\bin;C:\Program Files\Git LFS;C:\Program Files\dotnet\;C:\Program Files\Microsoft SQL Server\130\Tools\Binn\
USERNAME=Admin
OS=Windows_NT
PROCESSOR_IDENTIFIER=Intel64 Family 6 Model 60 Stepping 3, GenuineIntel



---------------  S Y S T E M  ---------------

OS: Windows 7 , 64 bit Build 7601 (6.1.7601.24535)

CPU:total 8 (initial active 8) (4 cores per cpu, 2 threads per core) family 6 model 60 stepping 3, cmov, cx8, fxsr, mmx, sse, sse2, sse3, ssse3, sse4.1, sse4.2, popcnt, avx, avx2, aes, clmul, erms, lzcnt, ht, tsc, tscinvbit, bmi1, bmi2

Memory: 4k page, physical 8268856k(327832k free), swap 22152400k(5064k free)

vm_info: OpenJDK 64-Bit Server VM (25.71-b00) for windows-amd64 JRE (1.8.0-adoptopenjdk-_2018_05_19_00_59-b00), built on May 19 2018 01:02:12 by "jenkins" with MS VC++ 10.0 (VS2010)

time: Wed Apr 14 16:51:56 2021
elapsed time: 0 seconds (0d 0h 0m 0s)

